2019-12-05 17:11:22,770 - <module> - INFO - 




2019-12-05 17:11:22,770 - <module> - INFO - Running Plotter.py as main
2019-12-05 17:11:22,771 - <module> - INFO - Reading directory: .
2019-12-05 17:11:22,771 - Rover_Temperatures - INFO - Producing Rover Temperature Plot
2019-12-05 17:11:22,771 - MakeHKPlotsDir - INFO - Generating 'HK Plots' directory
2019-12-05 17:11:22,772 - Find_Files - INFO - Find_Files Called
2019-12-05 17:11:22,819 - Find_Files - ERROR - No *RoverStatus.pickle Files Found
2019-12-05 17:11:22,820 - Rover_Temperatures - ERROR - No file found - ABORTING
2019-12-06 17:44:59,365 - <module> - INFO - 




2019-12-06 17:44:59,366 - <module> - INFO - Running Plotter.py as main
2019-12-06 17:44:59,366 - <module> - INFO - Reading directory: .
2019-12-06 17:44:59,366 - Rover_Temperatures - INFO - Producing Rover Temperature Plot
2019-12-06 17:44:59,367 - MakeHKPlotsDir - INFO - 'HK Plots' Directory already exists
2019-12-06 17:44:59,367 - Find_Files - INFO - Find_Files Called
2019-12-06 17:44:59,396 - Find_Files - ERROR - No *RoverStatus.pickle Files Found
2019-12-06 17:44:59,397 - Rover_Temperatures - ERROR - No file found - ABORTING
2020-01-15 20:29:11,647 - <module> - INFO - 




2020-01-15 20:29:11,648 - <module> - INFO - Running HaImageProc.py as main
2020-01-15 20:29:11,648 - <module> - INFO - Reading directory: .
2020-01-15 20:29:11,648 - <module> - INFO - Generating 'Processing' directory
2020-01-15 20:29:11,648 - HaProc - INFO - Processing Rover .ha Files
2020-01-15 20:29:11,649 - Find_Files - INFO - Find_Files Called
2020-01-15 20:29:11,713 - Find_Files - ERROR - No *.ha Files Found
2020-01-15 20:29:11,713 - HaProc - ERROR - No files found - ABORTING
2020-01-21 12:04:31,089 - <module> - INFO - 




2020-01-21 12:04:31,089 - <module> - INFO - Running Plotter.py as main
2020-01-21 12:04:31,089 - <module> - INFO - Reading directory: .
2020-01-21 12:04:31,089 - HK_Voltages - INFO - Producing Voltage Plots
2020-01-21 12:04:31,089 - MakeHKPlotsDir - INFO - 'HK Plots' Directory already exists
2020-01-21 12:04:31,090 - Find_Files - INFO - Find_Files Called
2020-01-21 12:04:31,145 - Find_Files - ERROR - No *RAW_HKTM.pickle Files Found
2020-01-21 12:04:31,145 - HK_Voltages - ERROR - No file found - ABORTING
